[00:03:14] [Server thread/INFO]: liamsitol lost connection: Disconnected
[00:03:14] [Server thread/INFO]: liamsitol left the game
[00:03:14] [Server thread/INFO]: remove player wand
[00:03:14] [Server thread/INFO]: Updating all forceload tickets for 7a9396e1-947c-3ecf-b472-b97fcf5c0003
[00:31:34] [Server thread/INFO]: zxymatthewyxz burned to death
[00:31:38] [Netty Epoll Server IO #5/INFO]: [do_a_barrel_roll] Client of zxymatthewyxz accepted server config.
[00:31:53] [Server thread/INFO]: No return portal found
[00:31:54] [Netty Epoll Server IO #5/INFO]: [do_a_barrel_roll] Client of zxymatthewyxz accepted server config.
[00:32:10] [Server thread/INFO]: [zxymatthewyxz: Teleported zxymatthewyxz to -219.500000, 16.500000, -7023.500000]
[00:32:17] [Server thread/INFO]: zxymatthewyxz claimed a grave belonging to zxymatthewyxz at -221, 16, -7024, minecraft:the_nether
[00:33:17] [Server thread/INFO]: zxymatthewyxz tried to swim in lava
[00:33:19] [Netty Epoll Server IO #5/INFO]: [do_a_barrel_roll] Client of zxymatthewyxz accepted server config.
[00:33:33] [Server thread/INFO]: No return portal found
[00:33:33] [Netty Epoll Server IO #5/INFO]: [do_a_barrel_roll] Client of zxymatthewyxz accepted server config.
[00:33:42] [Server thread/INFO]: [zxymatthewyxz: Teleported zxymatthewyxz to -139.500000, 16.500000, -7027.500000]
[00:33:47] [Server thread/ERROR]: Grave could not be replaced at X: -140, Y: 16, Z: -7028 / minecraft:the_nether
[00:33:47] [Server thread/INFO]: zxymatthewyxz claimed a grave belonging to zxymatthewyxz at -140, 16, -7028, minecraft:the_nether
[00:34:57] [Server thread/INFO]: [zxymatthewyxz: Gave 1 [Diamond Pickaxe] to zxymatthewyxz]
[00:35:07] [Server thread/INFO]: [zxymatthewyxz: Applied enchantment Mending to zxymatthewyxz's item]
[00:35:12] [Server thread/INFO]: [zxymatthewyxz: Applied enchantment Efficiency V to zxymatthewyxz's item]
[00:35:24] [Server thread/INFO]: [zxymatthewyxz: Applied enchantment Unbreaking III to zxymatthewyxz's item]
[00:35:34] [Server thread/INFO]: [zxymatthewyxz: Applied enchantment Fortune III to zxymatthewyxz's item]
[00:42:05] [Server thread/INFO]: zxymatthewyxz tried to swim in lava
[00:42:05] [Server thread/INFO]: [zxymatthewyxz: Set own game mode to Creative Mode]
[00:42:08] [Netty Epoll Server IO #5/INFO]: [do_a_barrel_roll] Client of zxymatthewyxz accepted server config.
[00:42:16] [Server thread/INFO]: No return portal found
[00:42:17] [Netty Epoll Server IO #5/INFO]: [do_a_barrel_roll] Client of zxymatthewyxz accepted server config.
[00:42:23] [Server thread/INFO]: [zxymatthewyxz: Teleported zxymatthewyxz to -134.500000, 15.500000, -7611.500000]
[00:42:28] [Server thread/ERROR]: Grave could not be replaced at X: -135, Y: 15, Z: -7612 / minecraft:the_nether
[00:42:28] [Server thread/INFO]: zxymatthewyxz claimed a grave belonging to zxymatthewyxz at -135, 15, -7612, minecraft:the_nether
[00:42:49] [Server thread/INFO]: [zxymatthewyxz: Set own game mode to Spectator Mode]
[00:42:56] [Worker-Main-3/INFO]: [betternether] BBox:class_3341{minX=-626, minY=22, minZ=-7906, maxX=-478, maxY=96, maxZ=-7758}
[00:43:28] [Server thread/INFO]: [zxymatthewyxz: Set own game mode to Creative Mode]
[00:43:40] [Server thread/INFO]: [zxymatthewyxz: Set own game mode to Survival Mode]
[00:46:16] [Server thread/INFO]: [zxymatthewyxz: Set own game mode to Creative Mode]
[00:46:36] [Server thread/INFO]: [zxymatthewyxz: Gave 40 [Enchanted Golden Apple] to zxymatthewyxz]
[00:47:07] [Server thread/INFO]: [zxymatthewyxz: Set own game mode to Survival Mode]
[00:53:52] [Server thread/INFO]: [zxymatthewyxz: Set own game mode to Creative Mode]
[00:54:30] [Server thread/INFO]: [zxymatthewyxz: Set own game mode to Survival Mode]
[00:54:39] [Server thread/INFO]: [zxymatthewyxz: Gave 10 experience points to zxymatthewyxz]
[00:54:41] [Server thread/INFO]: [zxymatthewyxz: Gave 10 experience points to zxymatthewyxz]
[00:54:59] [Server thread/INFO]: [zxymatthewyxz: Gave 64 [Bottle o' Enchanting] to zxymatthewyxz]
[00:55:11] [Server thread/INFO]: [zxymatthewyxz: Set own game mode to Creative Mode]
[00:55:28] [Server thread/INFO]: [zxymatthewyxz: Set own game mode to Survival Mode]
[00:55:48] [Server thread/INFO]: [zxymatthewyxz: Gave 64 [Bottle o' Enchanting] to zxymatthewyxz]
[00:57:10] [Server thread/INFO]: [zxymatthewyxz: Set own game mode to Creative Mode]
[00:58:09] [Server thread/INFO]: [zxymatthewyxz: Set own game mode to Survival Mode]
[01:03:39] [Server thread/INFO]: [zxymatthewyxz: Set own game mode to Spectator Mode]
[01:03:44] [Server thread/INFO]: zxymatthewyxz has made the advancement [Those Were the Days]
[01:03:54] [Server thread/INFO]: [zxymatthewyxz: Set own game mode to Survival Mode]
[01:04:02] [Server thread/INFO]: zxymatthewyxz has reached the goal [Diamond Level]
[01:06:37] [Server thread/INFO]: zxymatthewyxz has made the advancement [Ruby Ore]
[01:06:49] [Server thread/INFO]: zxymatthewyxz has reached the goal [Embers of the Nether]
[01:11:03] [Server thread/INFO]: [zxymatthewyxz: Set own game mode to Creative Mode]
[01:12:10] [Server thread/INFO]: [zxymatthewyxz: Gave 18 [Obsidian] to zxymatthewyxz]
[01:12:29] [Server thread/INFO]: No return portal found
[01:12:30] [Netty Epoll Server IO #5/INFO]: [do_a_barrel_roll] Client of zxymatthewyxz accepted server config.
[01:12:38] [Server thread/INFO]: zxymatthewyxz has completed the challenge [Subspace Bubble]
[01:12:46] [Server thread/WARN]: Can't keep up! Is the server overloaded? Running 16168ms or 323 ticks behind
[01:13:38] [Worker-Main-3/INFO]: [STDOUT]: Distance from spawn is: 62248
[01:15:50] [Server thread/INFO]: [zxymatthewyxz: Teleported zxymatthewyxz to 384.500000, 66.500000, -550.500000]
[01:17:09] [Server thread/INFO]: [zxymatthewyxz: Teleported zxymatthewyxz to 586.500000, 80.500000, -583.500000]
[01:18:46] [Server thread/INFO]: [zxymatthewyxz: Teleported zxymatthewyxz to 1087.500000, 64.500000, -724.500000]
[01:22:56] [Server thread/INFO]: [zxymatthewyxz: Set own game mode to Survival Mode]
[01:26:23] [Server thread/INFO]: [zxymatthewyxz: Gave 64 [Bottle o' Enchanting] to zxymatthewyxz]
[01:29:40] [Server thread/INFO]: [zxymatthewyxz: Set own game mode to Creative Mode]
[01:29:51] [Server thread/INFO]: [zxymatthewyxz: Set own game mode to Survival Mode]
[01:33:20] [Server thread/INFO]: zxymatthewyxz lost connection: Disconnected
[01:33:20] [Server thread/INFO]: zxymatthewyxz left the game
[01:33:20] [Server thread/INFO]: remove player wand
[01:33:20] [Server thread/INFO]: Updating all forceload tickets for 433be659-15d5-3745-9436-55cee3bfccfc
[01:33:41] [Server thread/INFO]: Stopping the server
[01:33:41] [Server thread/INFO]: Invalidated damage temperature effect registry cache
[01:33:41] [Server thread/INFO]: Resetting environment controller...
[01:33:41] [Server thread/INFO]: Stopping server
[01:33:41] [Server thread/INFO]: Saving players
[01:33:41] [Server thread/INFO]: Saving worlds
[01:33:41] [Server thread/INFO]: Saving chunks for level 'ServerLevel[world]'/minecraft:overworld
[01:33:41] [Server thread/INFO]: Saving chunks for level 'ServerLevel[world]'/minecells:insufferable_crypt
[01:33:41] [Server thread/INFO]: Saving chunks for level 'ServerLevel[world]'/ad_astra:mars_orbit
[01:33:41] [Server thread/INFO]: Saving chunks for level 'ServerLevel[world]'/ad_astra:venus
[01:33:41] [Server thread/INFO]: Saving chunks for level 'ServerLevel[world]'/ad_astra:glacio_orbit
[01:33:41] [Server thread/INFO]: Saving chunks for level 'ServerLevel[world]'/ad_astra:venus_orbit
[01:33:41] [Server thread/INFO]: Saving chunks for level 'ServerLevel[world]'/deeperdarker:otherside
[01:33:41] [Server thread/INFO]: Saving chunks for level 'ServerLevel[world]'/minecraft:the_end
[01:33:41] [Server thread/INFO]: Saving chunks for level 'ServerLevel[world]'/minecells:black_bridge
[01:33:41] [Server thread/INFO]: Saving chunks for level 'ServerLevel[world]'/the_bumblezone:the_bumblezone
[01:33:41] [Server thread/INFO]: Saving chunks for level 'ServerLevel[world]'/ad_astra:moon_orbit
[01:33:41] [Server thread/INFO]: Saving chunks for level 'ServerLevel[world]'/ad_astra:mars
[01:33:41] [Server thread/INFO]: Saving chunks for level 'ServerLevel[world]'/ad_astra:mercury_orbit
[01:33:41] [Server thread/INFO]: Saving chunks for level 'ServerLevel[world]'/ad_astra:moon
[01:33:41] [Server thread/INFO]: Saving chunks for level 'ServerLevel[world]'/minecells:promenade
[01:33:41] [Server thread/INFO]: Saving chunks for level 'ServerLevel[world]'/minecraft:the_nether
[01:33:41] [Server thread/INFO]: Saving chunks for level 'ServerLevel[world]'/ad_astra:earth_orbit
[01:33:41] [Server thread/INFO]: Saving chunks for level 'ServerLevel[world]'/ad_astra:mercury
[01:33:41] [Server thread/INFO]: Saving chunks for level 'ServerLevel[world]'/ad_astra:glacio
[01:33:41] [Server thread/INFO]: Saving chunks for level 'ServerLevel[world]'/prominent:cinderstone_depths
[01:33:41] [Server thread/INFO]: Saving chunks for level 'ServerLevel[world]'/spellbladenext:glassocean
[01:33:41] [Server thread/INFO]: Saving chunks for level 'ServerLevel[world]'/minecells:ramparts
[01:33:41] [Server thread/INFO]: Saving chunks for level 'ServerLevel[world]'/prominent:vaaz_volcano
[01:33:41] [Server thread/INFO]: Saving chunks for level 'ServerLevel[world]'/minecells:prison
[01:33:41] [Server thread/INFO]: Saving chunks for level 'ServerLevel[world]'/ae2:spatial_storage
[01:33:41] [Server thread/INFO]: ThreadedAnvilChunkStorage (world): All chunks are saved
[01:33:41] [Server thread/INFO]: ThreadedAnvilChunkStorage (insufferable_crypt): All chunks are saved
[01:33:41] [Server thread/INFO]: ThreadedAnvilChunkStorage (mars_orbit): All chunks are saved
[01:33:41] [Server thread/INFO]: ThreadedAnvilChunkStorage (venus): All chunks are saved
[01:33:41] [Server thread/INFO]: ThreadedAnvilChunkStorage (glacio_orbit): All chunks are saved
[01:33:41] [Server thread/INFO]: ThreadedAnvilChunkStorage (venus_orbit): All chunks are saved
[01:33:41] [Server thread/INFO]: ThreadedAnvilChunkStorage (otherside): All chunks are saved
[01:33:41] [Server thread/INFO]: ThreadedAnvilChunkStorage (DIM1): All chunks are saved
[01:33:41] [Server thread/INFO]: ThreadedAnvilChunkStorage (black_bridge): All chunks are saved
[01:33:41] [Server thread/INFO]: ThreadedAnvilChunkStorage (the_bumblezone): All chunks are saved
[01:33:41] [Server thread/INFO]: ThreadedAnvilChunkStorage (moon_orbit): All chunks are saved
[01:33:41] [Server thread/INFO]: ThreadedAnvilChunkStorage (mars): All chunks are saved
[01:33:41] [Server thread/INFO]: ThreadedAnvilChunkStorage (mercury_orbit): All chunks are saved
[01:33:41] [Server thread/INFO]: ThreadedAnvilChunkStorage (moon): All chunks are saved
[01:33:41] [Server thread/INFO]: ThreadedAnvilChunkStorage (promenade): All chunks are saved
[01:33:41] [Server thread/INFO]: ThreadedAnvilChunkStorage (DIM-1): All chunks are saved
[01:33:41] [Server thread/INFO]: ThreadedAnvilChunkStorage (earth_orbit): All chunks are saved
[01:33:41] [Server thread/INFO]: ThreadedAnvilChunkStorage (mercury): All chunks are saved
[01:33:41] [Server thread/INFO]: ThreadedAnvilChunkStorage (glacio): All chunks are saved
[01:33:41] [Server thread/INFO]: ThreadedAnvilChunkStorage (cinderstone_depths): All chunks are saved
[01:33:41] [Server thread/INFO]: ThreadedAnvilChunkStorage (glassocean): All chunks are saved
[01:33:41] [Server thread/INFO]: ThreadedAnvilChunkStorage (ramparts): All chunks are saved
[01:33:41] [Server thread/INFO]: ThreadedAnvilChunkStorage (vaaz_volcano): All chunks are saved
[01:33:41] [Server thread/INFO]: ThreadedAnvilChunkStorage (prison): All chunks are saved
[01:33:41] [Server thread/INFO]: ThreadedAnvilChunkStorage (spatial_storage): All chunks are saved
[01:33:41] [Server thread/INFO]: ThreadedAnvilChunkStorage: All dimensions are saved
[01:33:42] [Server thread/INFO]: Stopping IO worker...
[01:33:42] [Server thread/INFO]: Stopped IO worker!
